<?xml version="1.0" encoding="UTF-8"?>
<testng-results ignored="0" total="9" passed="8" failed="1" skipped="0">
  <reporter-output>
  </reporter-output>
  <suite started-at="2023-12-02T11:06:09 IST" name="Suite" finished-at="2023-12-02T11:07:45 IST" duration-ms="96565">
    <groups>
    </groups>
    <test started-at="2023-12-02T11:06:09 IST" name="Test" finished-at="2023-12-02T11:07:45 IST" duration-ms="96565">
      <class name="scripts.To_Verify_The_Customer_login_with_ValidData">
        <test-method is-config="true" signature="openApp()[pri:0, instance:scripts.To_Verify_The_Customer_login_with_ValidData@306e95ec]" started-at="2023-12-02T11:07:25 IST" name="openApp" finished-at="2023-12-02T11:07:28 IST" duration-ms="3023" status="PASS">
          <reporter-output>
          </reporter-output>
        </test-method> <!-- openApp -->
        <test-method signature="tc4()[pri:0, instance:scripts.To_Verify_The_Customer_login_with_ValidData@306e95ec]" started-at="2023-12-02T11:07:28 IST" name="tc4" finished-at="2023-12-02T11:07:31 IST" duration-ms="3143" status="PASS">
          <reporter-output>
          </reporter-output>
        </test-method> <!-- tc4 -->
        <test-method is-config="true" signature="closeApp(org.testng.ITestResult)[pri:0, instance:scripts.To_Verify_The_Customer_login_with_ValidData@306e95ec]" started-at="2023-12-02T11:07:31 IST" name="closeApp" finished-at="2023-12-02T11:07:35 IST" duration-ms="3436" status="PASS">
          <params>
            <param index="0">
              <value>
                <![CDATA[[TestResult name=tc4 status=SUCCESS method=To_Verify_The_Customer_login_with_ValidData.tc4()[pri:0, instance:scripts.To_Verify_The_Customer_login_with_ValidData@306e95ec] output={null}]]]>
              </value>
            </param>
          </params>
          <reporter-output>
          </reporter-output>
        </test-method> <!-- closeApp -->
      </class> <!-- scripts.To_Verify_The_Customer_login_with_ValidData -->
      <class name="scripts.ToVerifyAlertPopUpDuringSearchOperation">
        <test-method is-config="true" signature="openApp()[pri:0, instance:scripts.ToVerifyAlertPopUpDuringSearchOperation@21e360a]" started-at="2023-12-02T11:06:41 IST" name="openApp" finished-at="2023-12-02T11:06:45 IST" duration-ms="3541" status="PASS">
          <reporter-output>
          </reporter-output>
        </test-method> <!-- openApp -->
        <test-method signature="tc9()[pri:0, instance:scripts.ToVerifyAlertPopUpDuringSearchOperation@21e360a]" started-at="2023-12-02T11:06:45 IST" name="tc9" finished-at="2023-12-02T11:06:45 IST" duration-ms="176" status="PASS">
          <reporter-output>
          </reporter-output>
        </test-method> <!-- tc9 -->
        <test-method is-config="true" signature="closeApp(org.testng.ITestResult)[pri:0, instance:scripts.ToVerifyAlertPopUpDuringSearchOperation@21e360a]" started-at="2023-12-02T11:06:45 IST" name="closeApp" finished-at="2023-12-02T11:06:49 IST" duration-ms="3464" status="PASS">
          <params>
            <param index="0">
              <value>
                <![CDATA[[TestResult name=tc9 status=SUCCESS method=ToVerifyAlertPopUpDuringSearchOperation.tc9()[pri:0, instance:scripts.ToVerifyAlertPopUpDuringSearchOperation@21e360a] output={null}]]]>
              </value>
            </param>
          </params>
          <reporter-output>
          </reporter-output>
        </test-method> <!-- closeApp -->
      </class> <!-- scripts.ToVerifyAlertPopUpDuringSearchOperation -->
      <class name="scripts.ToVerifyThatEuroIsSelectedInDropdown">
        <test-method is-config="true" signature="openApp()[pri:0, instance:scripts.ToVerifyThatEuroIsSelectedInDropdown@7bd4937b]" started-at="2023-12-02T11:06:32 IST" name="openApp" finished-at="2023-12-02T11:06:35 IST" duration-ms="3121" status="PASS">
          <reporter-output>
          </reporter-output>
        </test-method> <!-- openApp -->
        <test-method signature="tc()[pri:0, instance:scripts.ToVerifyThatEuroIsSelectedInDropdown@7bd4937b]" started-at="2023-12-02T11:06:35 IST" name="tc" finished-at="2023-12-02T11:06:38 IST" duration-ms="3319" status="PASS">
          <reporter-output>
          </reporter-output>
        </test-method> <!-- tc -->
        <test-method is-config="true" signature="closeApp(org.testng.ITestResult)[pri:0, instance:scripts.ToVerifyThatEuroIsSelectedInDropdown@7bd4937b]" started-at="2023-12-02T11:06:38 IST" name="closeApp" finished-at="2023-12-02T11:06:41 IST" duration-ms="3428" status="PASS">
          <params>
            <param index="0">
              <value>
                <![CDATA[[TestResult name=tc status=SUCCESS method=ToVerifyThatEuroIsSelectedInDropdown.tc()[pri:0, instance:scripts.ToVerifyThatEuroIsSelectedInDropdown@7bd4937b] output={null}]]]>
              </value>
            </param>
          </params>
          <reporter-output>
          </reporter-output>
        </test-method> <!-- closeApp -->
      </class> <!-- scripts.ToVerifyThatEuroIsSelectedInDropdown -->
      <class name="scripts.ToVerifyThatUserAddProductToWishlist">
        <test-method is-config="true" signature="openApp()[pri:0, instance:scripts.ToVerifyThatUserAddProductToWishlist@52af26ee]" started-at="2023-12-02T11:07:35 IST" name="openApp" finished-at="2023-12-02T11:07:37 IST" duration-ms="2408" status="PASS">
          <reporter-output>
          </reporter-output>
        </test-method> <!-- openApp -->
        <test-method signature="tc5()[pri:0, instance:scripts.ToVerifyThatUserAddProductToWishlist@52af26ee]" started-at="2023-12-02T11:07:37 IST" name="tc5" finished-at="2023-12-02T11:07:42 IST" duration-ms="4825" status="PASS">
          <reporter-output>
          </reporter-output>
        </test-method> <!-- tc5 -->
        <test-method is-config="true" signature="closeApp(org.testng.ITestResult)[pri:0, instance:scripts.ToVerifyThatUserAddProductToWishlist@52af26ee]" started-at="2023-12-02T11:07:42 IST" name="closeApp" finished-at="2023-12-02T11:07:45 IST" duration-ms="3386" status="PASS">
          <params>
            <param index="0">
              <value>
                <![CDATA[[TestResult name=tc5 status=SUCCESS method=ToVerifyThatUserAddProductToWishlist.tc5()[pri:0, instance:scripts.ToVerifyThatUserAddProductToWishlist@52af26ee] output={null}]]]>
              </value>
            </param>
          </params>
          <reporter-output>
          </reporter-output>
        </test-method> <!-- closeApp -->
      </class> <!-- scripts.ToVerifyThatUserAddProductToWishlist -->
      <class name="scripts.ToVerifyThatUserAddProductToCart">
        <test-method is-config="true" signature="openApp()[pri:0, instance:scripts.ToVerifyThatUserAddProductToCart@741a8937]" started-at="2023-12-02T11:07:13 IST" name="openApp" finished-at="2023-12-02T11:07:16 IST" duration-ms="3148" status="PASS">
          <reporter-output>
          </reporter-output>
        </test-method> <!-- openApp -->
        <test-method signature="tc6()[pri:0, instance:scripts.ToVerifyThatUserAddProductToCart@741a8937]" started-at="2023-12-02T11:07:16 IST" name="tc6" finished-at="2023-12-02T11:07:22 IST" duration-ms="5462" status="PASS">
          <reporter-output>
          </reporter-output>
        </test-method> <!-- tc6 -->
        <test-method is-config="true" signature="closeApp(org.testng.ITestResult)[pri:0, instance:scripts.ToVerifyThatUserAddProductToCart@741a8937]" started-at="2023-12-02T11:07:22 IST" name="closeApp" finished-at="2023-12-02T11:07:25 IST" duration-ms="3478" status="PASS">
          <params>
            <param index="0">
              <value>
                <![CDATA[[TestResult name=tc6 status=SUCCESS method=ToVerifyThatUserAddProductToCart.tc6()[pri:0, instance:scripts.ToVerifyThatUserAddProductToCart@741a8937] output={null}]]]>
              </value>
            </param>
          </params>
          <reporter-output>
          </reporter-output>
        </test-method> <!-- closeApp -->
      </class> <!-- scripts.ToVerifyThatUserAddProductToCart -->
      <class name="scripts.To_Varify_that_User_Ragister_with_Valid_Data">
        <test-method is-config="true" signature="openApp()[pri:0, instance:scripts.To_Varify_that_User_Ragister_with_Valid_Data@32b260fa]" started-at="2023-12-02T11:06:09 IST" name="openApp" finished-at="2023-12-02T11:06:13 IST" duration-ms="4512" status="PASS">
          <reporter-output>
          </reporter-output>
        </test-method> <!-- openApp -->
        <test-method signature="tc3()[pri:0, instance:scripts.To_Varify_that_User_Ragister_with_Valid_Data@32b260fa]" started-at="2023-12-02T11:06:13 IST" name="tc3" finished-at="2023-12-02T11:06:28 IST" duration-ms="14270" status="FAIL">
          <exception class="org.openqa.selenium.NoSuchElementException">
            <message>
              <![CDATA[no such element: Unable to locate element: {"method":"xpath","selector":"//div[text()='Your registration completed']"}
  (Session info: MicrosoftEdge=119.0.2151.93)
For documentation on this error, please visit: https://www.seleniumhq.org/exceptions/no_such_element.html
Build info: version: '3.141.59', revision: 'e82be7d358', time: '2018-11-14T08:17:03'
System info: host: 'LAPTOP-EKHVOIMF', ip: '192.168.1.36', os.name: 'Windows 11', os.arch: 'amd64', os.version: '10.0', java.version: '19.0.1'
Driver info: org.openqa.selenium.edge.EdgeDriver
Capabilities {acceptInsecureCerts: false, browserName: msedge, browserVersion: 119.0.2151.93, fedcm:accounts: true, javascriptEnabled: true, ms:edgeOptions: {debuggerAddress: localhost:63800}, msedge: {msedgedriverVersion: 119.0.2151.97 (42f50dec8b7a..., userDataDir: C:\Users\santo\AppData\Loca...}, networkConnectionEnabled: false, pageLoadStrategy: normal, platform: WINDOWS, platformName: WINDOWS, proxy: Proxy(), setWindowRect: true, strictFileInteractability: false, timeouts: {implicit: 0, pageLoad: 300000, script: 30000}, unhandledPromptBehavior: dismiss and notify, webauthn:extension:credBlob: true, webauthn:extension:largeBlob: true, webauthn:extension:minPinLength: true, webauthn:extension:prf: true, webauthn:virtualAuthenticators: true}
Session ID: 506ba977e140b75d44f4e54bccc10151
*** Element info: {Using=xpath, value=//div[text()='Your registration completed']}]]>
            </message>
            <full-stacktrace>
              <![CDATA[org.openqa.selenium.NoSuchElementException: no such element: Unable to locate element: {"method":"xpath","selector":"//div[text()='Your registration completed']"}
  (Session info: MicrosoftEdge=119.0.2151.93)
For documentation on this error, please visit: https://www.seleniumhq.org/exceptions/no_such_element.html
Build info: version: '3.141.59', revision: 'e82be7d358', time: '2018-11-14T08:17:03'
System info: host: 'LAPTOP-EKHVOIMF', ip: '192.168.1.36', os.name: 'Windows 11', os.arch: 'amd64', os.version: '10.0', java.version: '19.0.1'
Driver info: org.openqa.selenium.edge.EdgeDriver
Capabilities {acceptInsecureCerts: false, browserName: msedge, browserVersion: 119.0.2151.93, fedcm:accounts: true, javascriptEnabled: true, ms:edgeOptions: {debuggerAddress: localhost:63800}, msedge: {msedgedriverVersion: 119.0.2151.97 (42f50dec8b7a..., userDataDir: C:\Users\santo\AppData\Loca...}, networkConnectionEnabled: false, pageLoadStrategy: normal, platform: WINDOWS, platformName: WINDOWS, proxy: Proxy(), setWindowRect: true, strictFileInteractability: false, timeouts: {implicit: 0, pageLoad: 300000, script: 30000}, unhandledPromptBehavior: dismiss and notify, webauthn:extension:credBlob: true, webauthn:extension:largeBlob: true, webauthn:extension:minPinLength: true, webauthn:extension:prf: true, webauthn:virtualAuthenticators: true}
Session ID: 506ba977e140b75d44f4e54bccc10151
*** Element info: {Using=xpath, value=//div[text()='Your registration completed']}
at java.base/jdk.internal.reflect.DirectConstructorHandleAccessor.newInstance(DirectConstructorHandleAccessor.java:67)
at java.base/java.lang.reflect.Constructor.newInstanceWithCaller(Constructor.java:500)
at java.base/java.lang.reflect.Constructor.newInstance(Constructor.java:484)
at org.openqa.selenium.remote.http.W3CHttpResponseCodec.createException(W3CHttpResponseCodec.java:187)
at org.openqa.selenium.remote.http.W3CHttpResponseCodec.decode(W3CHttpResponseCodec.java:122)
at org.openqa.selenium.remote.http.W3CHttpResponseCodec.decode(W3CHttpResponseCodec.java:49)
at org.openqa.selenium.remote.HttpCommandExecutor.execute(HttpCommandExecutor.java:158)
at org.openqa.selenium.remote.service.DriverCommandExecutor.execute(DriverCommandExecutor.java:83)
at org.openqa.selenium.remote.RemoteWebDriver.execute(RemoteWebDriver.java:552)
at org.openqa.selenium.remote.RemoteWebDriver.findElement(RemoteWebDriver.java:323)
at org.openqa.selenium.remote.RemoteWebDriver.findElementByXPath(RemoteWebDriver.java:428)
at org.openqa.selenium.By$ByXPath.findElement(By.java:353)
at org.openqa.selenium.remote.RemoteWebDriver.findElement(RemoteWebDriver.java:315)
at org.openqa.selenium.support.pagefactory.DefaultElementLocator.findElement(DefaultElementLocator.java:69)
at org.openqa.selenium.support.pagefactory.internal.LocatingElementHandler.invoke(LocatingElementHandler.java:38)
at jdk.proxy2/jdk.proxy2.$Proxy12.getText(Unknown Source)
at scripts.To_Varify_that_User_Ragister_with_Valid_Data.tc3(To_Varify_that_User_Ragister_with_Valid_Data.java:33)
at java.base/jdk.internal.reflect.DirectMethodHandleAccessor.invoke(DirectMethodHandleAccessor.java:104)
at java.base/java.lang.reflect.Method.invoke(Method.java:578)
at org.testng.internal.MethodInvocationHelper.invokeMethod(MethodInvocationHelper.java:133)
at org.testng.internal.TestInvoker.invokeMethod(TestInvoker.java:598)
at org.testng.internal.TestInvoker.invokeTestMethod(TestInvoker.java:173)
at org.testng.internal.MethodRunner.runInSequence(MethodRunner.java:46)
at org.testng.internal.TestInvoker$MethodInvocationAgent.invoke(TestInvoker.java:824)
at org.testng.internal.TestInvoker.invokeTestMethods(TestInvoker.java:146)
at org.testng.internal.TestMethodWorker.invokeTestMethods(TestMethodWorker.java:146)
at org.testng.internal.TestMethodWorker.run(TestMethodWorker.java:128)
at java.base/java.util.ArrayList.forEach(ArrayList.java:1511)
at org.testng.TestRunner.privateRun(TestRunner.java:794)
at org.testng.TestRunner.run(TestRunner.java:596)
at org.testng.SuiteRunner.runTest(SuiteRunner.java:377)
at org.testng.SuiteRunner.runSequentially(SuiteRunner.java:371)
at org.testng.SuiteRunner.privateRun(SuiteRunner.java:332)
at org.testng.SuiteRunner.run(SuiteRunner.java:276)
at org.testng.SuiteRunnerWorker.runSuite(SuiteRunnerWorker.java:53)
at org.testng.SuiteRunnerWorker.run(SuiteRunnerWorker.java:96)
at org.testng.TestNG.runSuitesSequentially(TestNG.java:1212)
at org.testng.TestNG.runSuitesLocally(TestNG.java:1134)
at org.testng.TestNG.runSuites(TestNG.java:1063)
at org.testng.TestNG.run(TestNG.java:1031)
at org.testng.remote.AbstractRemoteTestNG.run(AbstractRemoteTestNG.java:115)
at org.testng.remote.RemoteTestNG.initAndRun(RemoteTestNG.java:251)
at org.testng.remote.RemoteTestNG.main(RemoteTestNG.java:77)
]]>
            </full-stacktrace>
          </exception> <!-- org.openqa.selenium.NoSuchElementException -->
          <reporter-output>
          </reporter-output>
        </test-method> <!-- tc3 -->
        <test-method is-config="true" signature="closeApp(org.testng.ITestResult)[pri:0, instance:scripts.To_Varify_that_User_Ragister_with_Valid_Data@32b260fa]" started-at="2023-12-02T11:06:28 IST" name="closeApp" finished-at="2023-12-02T11:06:32 IST" duration-ms="3860" status="PASS">
          <params>
            <param index="0">
              <value>
                <![CDATA[[TestResult name=tc3 status=FAILURE method=To_Varify_that_User_Ragister_with_Valid_Data.tc3()[pri:0, instance:scripts.To_Varify_that_User_Ragister_with_Valid_Data@32b260fa] output={null}]]]>
              </value>
            </param>
          </params>
          <reporter-output>
          </reporter-output>
        </test-method> <!-- closeApp -->
      </class> <!-- scripts.To_Varify_that_User_Ragister_with_Valid_Data -->
      <class name="scripts.ToVerifyThatRaisterPageIsDisplayed">
        <test-method is-config="true" signature="openApp()[pri:0, instance:scripts.ToVerifyThatRaisterPageIsDisplayed@58d75e99]" started-at="2023-12-02T11:06:57 IST" name="openApp" finished-at="2023-12-02T11:07:00 IST" duration-ms="3582" status="PASS">
          <reporter-output>
          </reporter-output>
        </test-method> <!-- openApp -->
        <test-method signature="tc1()[pri:0, instance:scripts.ToVerifyThatRaisterPageIsDisplayed@58d75e99]" started-at="2023-12-02T11:07:00 IST" name="tc1" finished-at="2023-12-02T11:07:01 IST" duration-ms="919" status="PASS">
          <reporter-output>
          </reporter-output>
        </test-method> <!-- tc1 -->
        <test-method is-config="true" signature="closeApp(org.testng.ITestResult)[pri:0, instance:scripts.ToVerifyThatRaisterPageIsDisplayed@58d75e99]" started-at="2023-12-02T11:07:01 IST" name="closeApp" finished-at="2023-12-02T11:07:05 IST" duration-ms="3603" status="PASS">
          <params>
            <param index="0">
              <value>
                <![CDATA[[TestResult name=tc1 status=SUCCESS method=ToVerifyThatRaisterPageIsDisplayed.tc1()[pri:0, instance:scripts.ToVerifyThatRaisterPageIsDisplayed@58d75e99] output={null}]]]>
              </value>
            </param>
          </params>
          <reporter-output>
          </reporter-output>
        </test-method> <!-- closeApp -->
      </class> <!-- scripts.ToVerifyThatRaisterPageIsDisplayed -->
      <class name="scripts.UserSearchaProductInWelcomePage">
        <test-method is-config="true" signature="openApp()[pri:0, instance:scripts.UserSearchaProductInWelcomePage@74751b3]" started-at="2023-12-02T11:07:05 IST" name="openApp" finished-at="2023-12-02T11:07:08 IST" duration-ms="3449" status="PASS">
          <reporter-output>
          </reporter-output>
        </test-method> <!-- openApp -->
        <test-method signature="tc08()[pri:0, instance:scripts.UserSearchaProductInWelcomePage@74751b3]" started-at="2023-12-02T11:07:08 IST" name="tc08" finished-at="2023-12-02T11:07:10 IST" duration-ms="1138" status="PASS">
          <reporter-output>
          </reporter-output>
        </test-method> <!-- tc08 -->
        <test-method is-config="true" signature="closeApp(org.testng.ITestResult)[pri:0, instance:scripts.UserSearchaProductInWelcomePage@74751b3]" started-at="2023-12-02T11:07:10 IST" name="closeApp" finished-at="2023-12-02T11:07:13 IST" duration-ms="3555" status="PASS">
          <params>
            <param index="0">
              <value>
                <![CDATA[[TestResult name=tc08 status=SUCCESS method=UserSearchaProductInWelcomePage.tc08()[pri:0, instance:scripts.UserSearchaProductInWelcomePage@74751b3] output={null}]]]>
              </value>
            </param>
          </params>
          <reporter-output>
          </reporter-output>
        </test-method> <!-- closeApp -->
      </class> <!-- scripts.UserSearchaProductInWelcomePage -->
      <class name="scripts.ToVerifyThatloginPageIsDisplayed">
        <test-method is-config="true" signature="openApp()[pri:0, instance:scripts.ToVerifyThatloginPageIsDisplayed@5ba3f27a]" started-at="2023-12-02T11:06:49 IST" name="openApp" finished-at="2023-12-02T11:06:53 IST" duration-ms="4024" status="PASS">
          <reporter-output>
          </reporter-output>
        </test-method> <!-- openApp -->
        <test-method signature="tc2()[pri:0, instance:scripts.ToVerifyThatloginPageIsDisplayed@5ba3f27a]" started-at="2023-12-02T11:06:53 IST" name="tc2" finished-at="2023-12-02T11:06:53 IST" duration-ms="818" status="PASS">
          <reporter-output>
          </reporter-output>
        </test-method> <!-- tc2 -->
        <test-method is-config="true" signature="closeApp(org.testng.ITestResult)[pri:0, instance:scripts.ToVerifyThatloginPageIsDisplayed@5ba3f27a]" started-at="2023-12-02T11:06:54 IST" name="closeApp" finished-at="2023-12-02T11:06:57 IST" duration-ms="3384" status="PASS">
          <params>
            <param index="0">
              <value>
                <![CDATA[[TestResult name=tc2 status=SUCCESS method=ToVerifyThatloginPageIsDisplayed.tc2()[pri:0, instance:scripts.ToVerifyThatloginPageIsDisplayed@5ba3f27a] output={null}]]]>
              </value>
            </param>
          </params>
          <reporter-output>
          </reporter-output>
        </test-method> <!-- closeApp -->
      </class> <!-- scripts.ToVerifyThatloginPageIsDisplayed -->
    </test> <!-- Test -->
  </suite> <!-- Suite -->
</testng-results>
